<?xml version="1.0" encoding="UTF-8"?>
<!-- Generated by org.testng.reporters.JUnitReportReporter -->
<testsuite hostname="LAPTOP-GAUPM6CM" failures="0" tests="1" name="miscellenousactions.MouseHover" time="26.787" errors="0" timestamp="2025-09-02T20:48:40 IST" skipped="0">
  <testcase classname="miscellenousactions.MouseHover" name="mouseHoverTest" time="26.787"/>
</testsuite> <!-- miscellenousactions.MouseHover -->
