<?xml version="1.0" encoding="UTF-8"?>
<!-- Generated by org.testng.reporters.JUnitReportReporter -->
<testsuite hostname="LAPTOP-GAUPM6CM" failures="0" tests="1" name="miscellenousactions.Scrolling" time="17.412" errors="0" timestamp="2025-09-03T20:55:27 IST" skipped="0">
  <testcase classname="miscellenousactions.Scrolling" name="mouseHoverTest" time="17.412"/>
</testsuite> <!-- miscellenousactions.Scrolling -->
