<?xml version="1.0" encoding="UTF-8"?>
<!-- Generated by org.testng.reporters.JUnitReportReporter -->
<testsuite hostname="LAPTOP-GAUPM6CM" failures="0" tests="1" name="javascriptexecutorandscreenshots.Highlight" time="28.260" errors="0" timestamp="2025-09-09T20:53:04 IST" skipped="0">
  <testcase classname="javascriptexecutorandscreenshots.Highlight" name="loginTest" time="28.260"/>
</testsuite> <!-- javascriptexecutorandscreenshots.Highlight -->
