<?xml version="1.0" encoding="UTF-8"?>
<!-- Generated by org.testng.reporters.JUnitReportReporter -->
<testsuite hostname="LAPTOP-GAUPM6CM" failures="0" tests="1" name="javascriptexecutorandscreenshots.NoHighlight" time="29.525" errors="0" timestamp="2025-09-09T20:06:12 IST" skipped="0">
  <testcase classname="javascriptexecutorandscreenshots.NoHighlight" name="loginTest" time="29.525"/>
</testsuite> <!-- javascriptexecutorandscreenshots.NoHighlight -->
