<?xml version="1.0" encoding="UTF-8"?>
<!-- Generated by org.testng.reporters.JUnitReportReporter -->
<testsuite hostname="LAPTOP-GAUPM6CM" failures="0" tests="1" name="webtables.StaticWebTable1" time="42.372" errors="0" timestamp="2025-09-12T20:10:39 IST" skipped="0">
  <testcase classname="webtables.StaticWebTable1" name="webTableTest" time="42.372"/>
</testsuite> <!-- webtables.StaticWebTable1 -->
