<?xml version="1.0" encoding="UTF-8"?>
<!-- Generated by org.testng.reporters.JUnitReportReporter -->
<testsuite hostname="LAPTOP-GAUPM6CM" failures="0" tests="1" name="handlings.AlertHandling" time="22.062" errors="0" timestamp="2025-09-08T20:42:18 IST" skipped="0">
  <testcase classname="handlings.AlertHandling" name="alertHandlingTest" time="22.062"/>
</testsuite> <!-- handlings.AlertHandling -->
