<?xml version="1.0" encoding="UTF-8"?>
<!-- Generated by org.testng.reporters.JUnitReportReporter -->
<testsuite hostname="LAPTOP-GAUPM6CM" failures="0" tests="1" name="waits.FluentWaitDemo" time="14.647" errors="0" timestamp="2025-09-10T21:13:41 IST" skipped="0">
  <testcase classname="waits.FluentWaitDemo" name="waitsTest" time="14.647"/>
</testsuite> <!-- waits.FluentWaitDemo -->
