<?xml version="1.0" encoding="UTF-8"?>
<!-- Generated by org.testng.reporters.JUnitReportReporter -->
<testsuite hostname="LAPTOP-GAUPM6CM" failures="0" tests="8" name="testng.Login" time="0.011" errors="0" timestamp="2025-08-29T20:24:44 IST" skipped="0">
  <testcase classname="testng.Login" name="invalidUsernameAndValidPassword" time="0.000"/>
  <testcase classname="testng.Login" name="onlyPasswordEmpty" time="0.002"/>
  <testcase classname="testng.Login" name="onlyUsernameEmpty" time="0.000"/>
  <testcase classname="testng.Login" name="emptyUsernameAndEmptyPassword" time="0.006"/>
  <testcase classname="testng.Login" name="invalidUsernameAndInValidPassword" time="0.000"/>
  <testcase classname="testng.Login" name="validUsernameAndValidPassword" time="0.001"/>
  <testcase classname="testng.Login" name="validUsernameAndInValidPassword" time="0.001"/>
  <testcase classname="testng.Login" name="pendingEmailVerification" time="0.001"/>
</testsuite> <!-- testng.Login -->
