<?xml version="1.0" encoding="UTF-8"?>
<!-- Generated by org.testng.reporters.JUnitReportReporter -->
<testsuite hostname="LAPTOP-GAUPM6CM" failures="0" tests="4" name="testng.AdactinHotelApp2" time="0.020" errors="0" timestamp="2025-08-29T20:53:32 IST" skipped="0">
  <testcase classname="testng.AdactinHotelApp2" name="registrationTest" time="0.011"/>
  <testcase classname="testng.AdactinHotelApp2" name="loginTest" time="0.006"/>
  <testcase classname="testng.AdactinHotelApp2" name="forgotPasswordTest" time="0.001"/>
  <testcase classname="testng.AdactinHotelApp2" name="changePasswordTest" time="0.002"/>
</testsuite> <!-- testng.AdactinHotelApp2 -->
