<?xml version="1.0" encoding="UTF-8"?>
<!-- Generated by org.testng.reporters.JUnitReportReporter -->
<testsuite hostname="LAPTOP-GAUPM6CM" failures="0" tests="1" name="miscellenousactions.Scrolling2" time="9.836" errors="0" timestamp="2025-09-03T20:56:39 IST" skipped="0">
  <testcase classname="miscellenousactions.Scrolling2" name="scrollTest" time="9.836"/>
</testsuite> <!-- miscellenousactions.Scrolling2 -->
