<?xml version="1.0" encoding="UTF-8"?>
<!-- Generated by org.testng.reporters.JUnitReportReporter -->
<testsuite hostname="LAPTOP-GAUPM6CM" failures="0" tests="1" name="miscellenousactions.DragAndDrop" time="9.926" errors="0" timestamp="2025-09-02T21:07:31 IST" skipped="0">
  <testcase classname="miscellenousactions.DragAndDrop" name="mouseHoverTest" time="9.926"/>
</testsuite> <!-- miscellenousactions.DragAndDrop -->
