<?xml version="1.0" encoding="UTF-8"?>
<!-- Generated by org.testng.reporters.JUnitReportReporter -->
<testsuite hostname="LAPTOP-GAUPM6CM" failures="0" tests="1" name="waits.ExplicitWaitDemo" time="14.404" errors="0" timestamp="2025-09-10T21:02:27 IST" skipped="0">
  <testcase classname="waits.ExplicitWaitDemo" name="waitsTest" time="14.404"/>
</testsuite> <!-- waits.ExplicitWaitDemo -->
