<?xml version="1.0" encoding="UTF-8"?>
<!-- Generated by org.testng.reporters.JUnitReportReporter -->
<testsuite hostname="LAPTOP-GAUPM6CM" failures="0" tests="1" name="assignments.Assignment04" time="22.438" errors="0" timestamp="2025-09-09T07:41:43 IST" skipped="0">
  <testcase classname="assignments.Assignment04" name="assignment04" time="22.438"/>
</testsuite> <!-- assignments.Assignment04 -->
