<?xml version="1.0" encoding="UTF-8"?>
<!-- Generated by org.testng.reporters.JUnitReportReporter -->
<testsuite hostname="LAPTOP-GAUPM6CM" failures="0" tests="1" name="javascriptexecutorandscreenshots.Highlight2" time="37.425" errors="0" timestamp="2025-09-09T20:56:55 IST" skipped="0">
  <testcase classname="javascriptexecutorandscreenshots.Highlight2" name="loginTest" time="37.425"/>
</testsuite> <!-- javascriptexecutorandscreenshots.Highlight2 -->
