<?xml version="1.0" encoding="UTF-8"?>
<!-- Generated by org.testng.reporters.JUnitReportReporter -->
<testsuite hostname="LAPTOP-GAUPM6CM" failures="0" tests="1" name="handlings.FrameHandling1" time="14.127" errors="0" timestamp="2025-09-05T20:35:41 IST" skipped="0">
  <testcase classname="handlings.FrameHandling1" name="mouseHoverTest" time="14.127"/>
</testsuite> <!-- handlings.FrameHandling1 -->
