<?xml version="1.0" encoding="UTF-8"?>
<!-- Generated by org.testng.reporters.JUnitReportReporter -->
<testsuite hostname="LAPTOP-GAUPM6CM" failures="0" tests="1" name="extratopics.FileUpload" time="18.107" errors="0" timestamp="2025-09-12T20:46:28 IST" skipped="0">
  <testcase classname="extratopics.FileUpload" name="fileUploadTest" time="18.107"/>
</testsuite> <!-- extratopics.FileUpload -->
