<?xml version="1.0" encoding="UTF-8"?>
<!-- Generated by org.testng.reporters.JUnitReportReporter -->
<testsuite hostname="LAPTOP-GAUPM6CM" failures="0" tests="1" name="handlings.MultipleWindowHandle" time="15.578" errors="0" timestamp="2025-09-04T20:49:44 IST" skipped="0">
  <testcase classname="handlings.MultipleWindowHandle" name="multipeWindowHandleTest" time="15.578"/>
</testsuite> <!-- handlings.MultipleWindowHandle -->
