<?xml version="1.0" encoding="UTF-8"?>
<!-- Generated by org.testng.reporters.JUnitReportReporter -->
<testsuite hostname="LAPTOP-GAUPM6CM" failures="0" tests="1" name="handlings.MultipleWindowHandle2" time="42.893" errors="0" timestamp="2025-09-04T21:06:11 IST" skipped="0">
  <testcase classname="handlings.MultipleWindowHandle2" name="multipeWindowHandleTest" time="42.893"/>
</testsuite> <!-- handlings.MultipleWindowHandle2 -->
