<?xml version="1.0" encoding="UTF-8"?>
<!-- Generated by org.testng.reporters.JUnitReportReporter -->
<testsuite hostname="LAPTOP-GAUPM6CM" failures="0" tests="1" name="waits.ImplicitWaitDemo" time="17.058" errors="0" timestamp="2025-09-10T20:38:21 IST" skipped="0">
  <testcase classname="waits.ImplicitWaitDemo" name="waitsTest" time="17.058"/>
</testsuite> <!-- waits.ImplicitWaitDemo -->
