<?xml version="1.0" encoding="UTF-8"?>
<!-- Generated by org.testng.reporters.JUnitReportReporter -->
<testsuite hostname="LAPTOP-GAUPM6CM" failures="0" tests="1" name="extratopics.AuthenticationPopupHandling" time="22.799" errors="0" timestamp="2025-09-15T21:24:45 IST" skipped="0">
  <testcase classname="extratopics.AuthenticationPopupHandling" name="popUpsTest" time="22.799"/>
</testsuite> <!-- extratopics.AuthenticationPopupHandling -->
