<?xml version="1.0" encoding="UTF-8"?>
<!-- Generated by org.testng.reporters.JUnitReportReporter -->
<testsuite hostname="LAPTOP-GAUPM6CM" failures="0" tests="1" name="javascriptexecutorandscreenshots.JavaScriptDemo2" time="11.633" errors="0" timestamp="2025-09-09T20:36:39 IST" skipped="0">
  <testcase classname="javascriptexecutorandscreenshots.JavaScriptDemo2" name="scrollTest" time="11.633"/>
</testsuite> <!-- javascriptexecutorandscreenshots.JavaScriptDemo2 -->
