<?xml version="1.0" encoding="UTF-8"?>
<!-- Generated by org.testng.reporters.JUnitReportReporter -->
<testsuite hostname="LAPTOP-GAUPM6CM" failures="0" tests="1" name="javascriptexecutorandscreenshots.NoHighlight" time="27.320" errors="0" timestamp="2025-09-08T20:59:32 IST" skipped="0">
  <testcase classname="javascriptexecutorandscreenshots.NoHighlight" name="loginTest" time="27.320"/>
</testsuite> <!-- javascriptexecutorandscreenshots.NoHighlight -->
