<?xml version="1.0" encoding="UTF-8"?>
<!-- Generated by org.testng.reporters.JUnitReportReporter -->
<testsuite hostname="LAPTOP-GAUPM6CM" failures="0" tests="1" name="extratopics.ShadowDOM" time="9.379" errors="0" timestamp="2025-09-16T20:40:46 IST" skipped="0">
  <testcase classname="extratopics.ShadowDOM" name="shadowDOMTest" time="9.379"/>
</testsuite> <!-- extratopics.ShadowDOM -->
