<?xml version="1.0" encoding="UTF-8"?>
<!-- Generated by org.testng.reporters.JUnitReportReporter -->
<testsuite hostname="LAPTOP-GAUPM6CM" failures="0" tests="2" name="radioandcheck.RadioButton" time="24.912" errors="0" timestamp="2025-09-11T20:36:44 IST" skipped="0">
  <testcase classname="radioandcheck.RadioButton" name="radioButtonTest1" time="11.156"/>
  <testcase classname="radioandcheck.RadioButton" name="radioButtonTest2" time="13.756"/>
</testsuite> <!-- radioandcheck.RadioButton -->
