<?xml version="1.0" encoding="UTF-8"?>
<!-- Generated by org.testng.reporters.JUnitReportReporter -->
<testsuite hostname="LAPTOP-GAUPM6CM" failures="0" tests="1" name="assignments.Assignment5" time="18.593" errors="0" timestamp="2025-09-09T07:44:32 IST" skipped="0">
  <testcase classname="assignments.Assignment5" name="Mousehover" time="18.593"/>
</testsuite> <!-- assignments.Assignment5 -->
