<?xml version="1.0" encoding="UTF-8"?>
<!-- Generated by org.testng.reporters.JUnitReportReporter -->
<testsuite hostname="LAPTOP-GAUPM6CM" failures="0" tests="1" name="handlings.FrameHandling2" time="81.339" errors="0" timestamp="2025-09-05T20:57:41 IST" skipped="0">
  <testcase classname="handlings.FrameHandling2" name="frameHandlingTest" time="81.339"/>
</testsuite> <!-- handlings.FrameHandling2 -->
