<?xml version="1.0" encoding="UTF-8"?>
<!-- Generated by org.testng.reporters.JUnitReportReporter -->
<testsuite hostname="LAPTOP-GAUPM6CM" failures="0" tests="1" name="javascriptexecutorandscreenshots.ScreenshotDemo1" time="11.355" errors="0" timestamp="2025-09-09T21:10:29 IST" skipped="0">
  <testcase classname="javascriptexecutorandscreenshots.ScreenshotDemo1" name="loginTest" time="11.355"/>
</testsuite> <!-- javascriptexecutorandscreenshots.ScreenshotDemo1 -->
