<?xml version="1.0" encoding="UTF-8"?>
<!-- Generated by org.testng.reporters.JUnitReportReporter -->
<testsuite hostname="LAPTOP-GAUPM6CM" failures="0" tests="1" name="extratopics.DatePicker" time="22.450" errors="0" timestamp="2025-09-17T20:33:30 IST" skipped="0">
  <testcase classname="extratopics.DatePicker" name="datePickerTest" time="22.450"/>
</testsuite> <!-- extratopics.DatePicker -->
