<?xml version="1.0" encoding="UTF-8"?>
<!-- Generated by org.testng.reporters.JUnitReportReporter -->
<testsuite hostname="LAPTOP-GAUPM6CM" failures="0" tests="1" name="handlings.MultipleWindowHandle3" time="29.940" errors="0" timestamp="2025-09-04T21:12:36 IST" skipped="0">
  <testcase classname="handlings.MultipleWindowHandle3" name="multipeWindowHandleTest" time="29.940"/>
</testsuite> <!-- handlings.MultipleWindowHandle3 -->
