<?xml version="1.0" encoding="UTF-8"?>
<!-- Generated by org.testng.reporters.JUnitReportReporter -->
<testsuite hostname="LAPTOP-GAUPM6CM" failures="0" tests="1" name="javascriptexecutorandscreenshots.JavaScriptDemo1" time="14.945" errors="0" timestamp="2025-09-09T20:34:46 IST" skipped="0">
  <testcase classname="javascriptexecutorandscreenshots.JavaScriptDemo1" name="scrollTest" time="14.945"/>
</testsuite> <!-- javascriptexecutorandscreenshots.JavaScriptDemo1 -->
