<?xml version="1.0" encoding="UTF-8"?>
<!-- Generated by org.testng.reporters.JUnitReportReporter -->
<testsuite hostname="LAPTOP-GAUPM6CM" failures="0" tests="1" name="javascriptexecutorandscreenshots.JsClick" time="19.556" errors="0" timestamp="2025-09-09T20:39:41 IST" skipped="0">
  <testcase classname="javascriptexecutorandscreenshots.JsClick" name="loginTest" time="19.556"/>
</testsuite> <!-- javascriptexecutorandscreenshots.JsClick -->
