<?xml version="1.0" encoding="UTF-8"?>
<!-- Generated by org.testng.reporters.JUnitReportReporter -->
<testsuite hostname="LAPTOP-GAUPM6CM" failures="0" tests="1" name="extratopics.FileUploadUsingRobotClass" time="85.444" errors="0" timestamp="2025-09-12T21:27:08 IST" skipped="0">
  <testcase classname="extratopics.FileUploadUsingRobotClass" name="fileUploadTest" time="85.444"/>
</testsuite> <!-- extratopics.FileUploadUsingRobotClass -->
