<?xml version="1.0" encoding="UTF-8"?>
<!-- Generated by org.testng.reporters.JUnitReportReporter -->
<testsuite hostname="LAPTOP-GAUPM6CM" failures="0" tests="1" name="webtables.DynamicTable" time="52.808" errors="0" timestamp="2025-09-12T20:29:12 IST" skipped="0">
  <testcase classname="webtables.DynamicTable" name="webTableTest" time="52.808"/>
</testsuite> <!-- webtables.DynamicTable -->
