<?xml version="1.0" encoding="UTF-8"?>
<!-- Generated by org.testng.reporters.JUnitReportReporter -->
<testsuite hostname="LAPTOP-GAUPM6CM" failures="0" tests="1" name="webtables.StaticWebTable2" time="49.388" errors="0" timestamp="2025-09-12T20:18:06 IST" skipped="0">
  <testcase classname="webtables.StaticWebTable2" name="webTableTest" time="49.388"/>
</testsuite> <!-- webtables.StaticWebTable2 -->
