<?xml version="1.0" encoding="UTF-8"?>
<!-- Generated by org.testng.reporters.JUnitReportReporter -->
<testsuite hostname="LAPTOP-GAUPM6CM" failures="0" tests="1" name="waits.Wait" time="22.560" errors="0" timestamp="2025-09-10T20:26:47 IST" skipped="0">
  <testcase classname="waits.Wait" name="mouseHoverTest" time="22.560"/>
</testsuite> <!-- waits.Wait -->
