<?xml version="1.0" encoding="UTF-8"?>
<!-- Generated by org.testng.reporters.JUnitReportReporter -->
<testsuite hostname="LAPTOP-GAUPM6CM" failures="0" tests="1" name="assignments.Assignment6WindowHandling" time="51.243" errors="0" timestamp="2025-09-09T21:33:53 IST" skipped="0">
  <testcase classname="assignments.Assignment6WindowHandling" name="alertHandling" time="51.243"/>
</testsuite> <!-- assignments.Assignment6WindowHandling -->
