<?xml version="1.0" encoding="UTF-8"?>
<!-- Generated by org.testng.reporters.JUnitReportReporter -->
<testsuite hostname="LAPTOP-GAUPM6CM" failures="0" tests="1" name="extratopics.DatePicker" time="18.653" errors="0" timestamp="2025-09-16T20:57:32 IST" skipped="0">
  <testcase classname="extratopics.DatePicker" name="datePickerTest" time="18.653"/>
</testsuite> <!-- extratopics.DatePicker -->
