<?xml version="1.0" encoding="UTF-8"?>
<!-- Generated by org.testng.reporters.JUnitReportReporter -->
<testsuite hostname="LAPTOP-GAUPM6CM" failures="0" tests="1" name="miscellenousactions.RightClick2" time="17.704" errors="0" timestamp="2025-09-03T20:35:57 IST" skipped="0">
  <testcase classname="miscellenousactions.RightClick2" name="rightClickTest" time="17.704"/>
</testsuite> <!-- miscellenousactions.RightClick2 -->
