<?xml version="1.0" encoding="UTF-8"?>
<!-- Generated by org.testng.reporters.JUnitReportReporter -->
<testsuite hostname="LAPTOP-GAUPM6CM" failures="0" tests="1" name="assignments.SalesForceLogin" time="10.751" errors="0" timestamp="2025-09-18T21:45:31 IST" skipped="0">
  <testcase classname="assignments.SalesForceLogin" name="clickLogin" time="10.751"/>
</testsuite> <!-- assignments.SalesForceLogin -->
