<?xml version="1.0" encoding="UTF-8"?>
<!-- Generated by org.testng.reporters.JUnitReportReporter -->
<testsuite hostname="LAPTOP-GAUPM6CM" failures="0" tests="1" name="miscellenousactions.RightClick" time="11.888" errors="0" timestamp="2025-09-03T20:32:35 IST" skipped="0">
  <testcase classname="miscellenousactions.RightClick" name="rightClickTest" time="11.888"/>
</testsuite> <!-- miscellenousactions.RightClick -->
