<?xml version="1.0" encoding="UTF-8"?>
<!-- Generated by org.testng.reporters.JUnitReportReporter -->
<testsuite hostname="LAPTOP-GAUPM6CM" failures="0" tests="3" name="radioandcheck.CheckBox" time="14.078" errors="0" timestamp="2025-09-11T20:54:06 IST" skipped="2">
  <testcase classname="radioandcheck.CheckBox" name="checkboxTest3" time="14.078"/>
  <testcase classname="radioandcheck.CheckBox" name="checkboxTest1">
    <skipped/>
  </testcase> <!-- checkboxTest1 -->
  <testcase classname="radioandcheck.CheckBox" name="checkboxTest2">
    <skipped/>
  </testcase> <!-- checkboxTest2 -->
</testsuite> <!-- radioandcheck.CheckBox -->
